===NEW===
cookie is set
cookie is false
useDarkMode:
===NEW===
cookie is set
cookie is false
useDarkMode:
===NEW===
cookie is set
cookie is false
useDarkMode:
===NEW===
cookie is set
cookie is false
useDarkMode:
===NEW===
cookie is set
cookie is false
useDarkMode:
===NEW===
cookie is set
cookie is false
useDarkMode:
===NEW===
cookie is set
cookie is false
query is set
query is true
useDarkMode:1
===NEW===
cookie is set
cookie is true
query is set
query is true
useDarkMode:1
===NEW===
cookie is set
cookie is true
query is set
query is false
useDarkMode:
===NEW===
cookie is set
cookie is false
query is set
query is true
useDarkMode:1
===NEW===
cookie is set
cookie is true
query is set
query is false
useDarkMode:
===NEW===
cookie is set
cookie is false
query is set
query is true
useDarkMode:1
